<?xml version="1.0" encoding="UTF-8"?>
<!-- Generated by org.testng.reporters.JUnitReportReporter -->
<testsuite hostname="Jagan-PC" failures="0" tests="1" name="Base.Base" time="43.280" errors="0" timestamp="17 Sep 2020 07:17:11 GMT" skipped="0">
  <testcase classname="Base.Base" name="test" time="43.280"/>
</testsuite> <!-- Base.Base -->
