<?xml version="1.0" encoding="UTF-8"?>
<!-- Generated by org.testng.reporters.JUnitReportReporter -->
<testsuite hostname="Jagan-PC" failures="0" tests="2" name="Dummy.ExtendReport" time="30.965" errors="0" timestamp="05 Oct 2020 07:13:36 GMT" skipped="0">
  <testcase classname="Dummy.ExtendReport" name="test2" time="13.095"/>
  <testcase classname="Dummy.ExtendReport" name="test1" time="17.870"/>
</testsuite> <!-- Dummy.ExtendReport -->
